Loading required package: Rcpp
Loading required package: BiocGenerics
Loading required package: parallel

Attaching package: ‘BiocGenerics’

The following objects are masked from ‘package:parallel’:

    clusterApply, clusterApplyLB, clusterCall, clusterEvalQ,
    clusterExport, clusterMap, parApply, parCapply, parLapply,
    parLapplyLB, parRapply, parSapply, parSapplyLB

The following objects are masked from ‘package:stats’:

    IQR, mad, sd, var, xtabs

The following objects are masked from ‘package:base’:

    Filter, Find, Map, Position, Reduce, anyDuplicated, append,
    as.data.frame, basename, cbind, colMeans, colSums, colnames,
    dirname, do.call, duplicated, eval, evalq, get, grep, grepl,
    intersect, is.unsorted, lapply, lengths, mapply, match, mget,
    order, paste, pmax, pmax.int, pmin, pmin.int, rank, rbind,
    rowMeans, rowSums, rownames, sapply, setdiff, sort, table, tapply,
    union, unique, unsplit, which, which.max, which.min

Loading required package: BiocParallel
Loading required package: Biostrings
Loading required package: S4Vectors
Loading required package: stats4

Attaching package: ‘S4Vectors’

The following object is masked from ‘package:base’:

    expand.grid

Loading required package: IRanges
Loading required package: XVector

Attaching package: ‘Biostrings’

The following object is masked from ‘package:base’:

    strsplit

Loading required package: Rsamtools
Loading required package: GenomeInfoDb
Loading required package: GenomicRanges
Loading required package: GenomicAlignments
Loading required package: SummarizedExperiment
Loading required package: Biobase
Welcome to Bioconductor

    Vignettes contain introductory material; view with
    'browseVignettes()'. To cite Bioconductor, see
    'citation("Biobase")', and for packages 'citation("pkgname")'.

Loading required package: DelayedArray
Loading required package: matrixStats

Attaching package: ‘matrixStats’

The following objects are masked from ‘package:Biobase’:

    anyMissing, rowMedians


Attaching package: ‘DelayedArray’

The following objects are masked from ‘package:matrixStats’:

    colMaxs, colMins, colRanges, rowMaxs, rowMins, rowRanges

The following object is masked from ‘package:Biostrings’:

    type

The following objects are masked from ‘package:base’:

    aperm, apply


Attaching package: ‘dplyr’

The following object is masked from ‘package:ShortRead’:

    id

The following objects are masked from ‘package:GenomicAlignments’:

    first, last

The following object is masked from ‘package:matrixStats’:

    count

The following object is masked from ‘package:Biobase’:

    combine

The following objects are masked from ‘package:GenomicRanges’:

    intersect, setdiff, union

The following object is masked from ‘package:GenomeInfoDb’:

    intersect

The following objects are masked from ‘package:Biostrings’:

    collapse, intersect, setdiff, setequal, union

The following object is masked from ‘package:XVector’:

    slice

The following objects are masked from ‘package:IRanges’:

    collapse, desc, intersect, setdiff, slice, union

The following objects are masked from ‘package:S4Vectors’:

    first, intersect, rename, setdiff, setequal, union

The following objects are masked from ‘package:BiocGenerics’:

    combine, intersect, setdiff, union

The following objects are masked from ‘package:stats’:

    filter, lag

The following objects are masked from ‘package:base’:

    intersect, setdiff, setequal, union


Attaching package: ‘tidyr’

The following object is masked from ‘package:S4Vectors’:

    expand

*********************** All packages loaded ***********************
                ********************************************************************
R: R version 3.5.1 (2018-07-02); dada2: 1.8.0; ShortRead: 1.38.0; ggplot2: 3.0.0; dplyr: 0.7.6; tidyr: 0.8.1; 
*********************** Quality Stats Collected ***********************
                ********************************************************************
*********************** Plots generated start filtering ***********************
                ********************************************************************
*********************** Filtered files were given ***********************
                ********************************************************************
*********************** Quality Stats of filtered reads Collected ***********************
                        ********************************************************************
*********************** Plots of filtered reads generated start error matrix extimation ***********************
                        ********************************************************************
*********************** Start denoising and bimera detection ***********************
                        ********************************************************************
Dereplicating sequence entries in Fastq file: /Users/jvb740/MarieCurie_Work/Project_Normalization/DK_Healthy_Normalization_20181023_Reads/Dada_Analysis/Dada_FilteredFastqs/1_F_Filtered.fastq.gz
Encountered 104795 unique sequences from 162568 total sequences read.
Dereplicating sequence entries in Fastq file: /Users/jvb740/MarieCurie_Work/Project_Normalization/DK_Healthy_Normalization_20181023_Reads/Dada_Analysis/Dada_FilteredFastqs/2_F_Filtered.fastq.gz
Encountered 79388 unique sequences from 121808 total sequences read.
Dereplicating sequence entries in Fastq file: /Users/jvb740/MarieCurie_Work/Project_Normalization/DK_Healthy_Normalization_20181023_Reads/Dada_Analysis/Dada_FilteredFastqs/3_F_Filtered.fastq.gz
Encountered 37039 unique sequences from 61156 total sequences read.
Dereplicating sequence entries in Fastq file: /Users/jvb740/MarieCurie_Work/Project_Normalization/DK_Healthy_Normalization_20181023_Reads/Dada_Analysis/Dada_FilteredFastqs/4_F_Filtered.fastq.gz
Encountered 51722 unique sequences from 72350 total sequences read.
Dereplicating sequence entries in Fastq file: /Users/jvb740/MarieCurie_Work/Project_Normalization/DK_Healthy_Normalization_20181023_Reads/Dada_Analysis/Dada_FilteredFastqs/5_F_Filtered.fastq.gz
Encountered 25994 unique sequences from 47535 total sequences read.
Dereplicating sequence entries in Fastq file: /Users/jvb740/MarieCurie_Work/Project_Normalization/DK_Healthy_Normalization_20181023_Reads/Dada_Analysis/Dada_FilteredFastqs/6_F_Filtered.fastq.gz
Encountered 57474 unique sequences from 84253 total sequences read.
6 samples were pooled: 549670 reads in 312161 unique sequences.
Dereplicating sequence entries in Fastq file: /Users/jvb740/MarieCurie_Work/Project_Normalization/DK_Healthy_Normalization_20181023_Reads/Dada_Analysis/Dada_FilteredFastqs/1_R_Filtered.fastq.gz
Encountered 110933 unique sequences from 162568 total sequences read.
Dereplicating sequence entries in Fastq file: /Users/jvb740/MarieCurie_Work/Project_Normalization/DK_Healthy_Normalization_20181023_Reads/Dada_Analysis/Dada_FilteredFastqs/2_R_Filtered.fastq.gz
Encountered 82519 unique sequences from 121808 total sequences read.
Dereplicating sequence entries in Fastq file: /Users/jvb740/MarieCurie_Work/Project_Normalization/DK_Healthy_Normalization_20181023_Reads/Dada_Analysis/Dada_FilteredFastqs/3_R_Filtered.fastq.gz
Encountered 39112 unique sequences from 61156 total sequences read.
Dereplicating sequence entries in Fastq file: /Users/jvb740/MarieCurie_Work/Project_Normalization/DK_Healthy_Normalization_20181023_Reads/Dada_Analysis/Dada_FilteredFastqs/4_R_Filtered.fastq.gz
Encountered 54496 unique sequences from 72350 total sequences read.
Dereplicating sequence entries in Fastq file: /Users/jvb740/MarieCurie_Work/Project_Normalization/DK_Healthy_Normalization_20181023_Reads/Dada_Analysis/Dada_FilteredFastqs/5_R_Filtered.fastq.gz
Encountered 27832 unique sequences from 47535 total sequences read.
Dereplicating sequence entries in Fastq file: /Users/jvb740/MarieCurie_Work/Project_Normalization/DK_Healthy_Normalization_20181023_Reads/Dada_Analysis/Dada_FilteredFastqs/6_R_Filtered.fastq.gz
Encountered 56778 unique sequences from 84253 total sequences read.
6 samples were pooled: 549670 reads in 328306 unique sequences.
*********************** all samples denoised mergerd amplicons generated ***********************
                        ********************************************************************
The sequences being tabled vary in length.
Identified 2284 bimeras out of 2871 input sequences.
*********************** Seq table generated and Bimeras removed ***********************
                ********************************************************************
*********************** Sequence table generated, Data saved ***********************
                        ********************************************************************
*********************** Dada_wrap done ***********************
                        ********************************************************************
